<?xml version="1.0" encoding="UTF-8"?>
<testng-results ignored="0" total="1" passed="1" failed="0" skipped="0">
  <reporter-output>
    <line>
      <![CDATA[Logged in successfully]]>
    </line>
    <line>
      <![CDATA[Added Pickup location]]>
    </line>
    <line>
      <![CDATA[Added Drop Off location]]>
    </line>
    <line>
      <![CDATA[03122021172933]]>
    </line>
    <line>
      <![CDATA[Load Created Successfully]]>
    </line>
  </reporter-output>
  <suite started-at="2021-12-03T17:29:11 IST" name="Default suite" finished-at="2021-12-03T17:29:53 IST" duration-ms="41903">
    <groups>
      <group name="regression">
        <method signature="ValidateLoadingAndUnloading.ValidateLoadingAndUnloadingEvent()[pri:1, instance:Scripts.ValidateLoadingAndUnloading@7a1a3478]" name="ValidateLoadingAndUnloadingEvent" class="Scripts.ValidateLoadingAndUnloading"/>
      </group> <!-- regression -->
    </groups>
    <test started-at="2021-12-03T17:29:11 IST" name="Default test" finished-at="2021-12-03T17:29:53 IST" duration-ms="41903">
      <class name="Scripts.ValidateLoadingAndUnloading">
        <test-method is-config="true" signature="configBC()[pri:0, instance:Scripts.ValidateLoadingAndUnloading@7a1a3478]" started-at="2021-12-03T17:29:05 IST" name="configBC" finished-at="2021-12-03T17:29:11 IST" duration-ms="5321" status="PASS">
          <reporter-output>
          </reporter-output>
        </test-method> <!-- configBC -->
        <test-method is-config="true" signature="configBT()[pri:0, instance:Scripts.ValidateLoadingAndUnloading@7a1a3478]" started-at="2021-12-03T17:29:11 IST" name="configBT" finished-at="2021-12-03T17:29:11 IST" duration-ms="0" status="PASS">
          <reporter-output>
          </reporter-output>
        </test-method> <!-- configBT -->
        <test-method is-config="true" signature="configBM(java.lang.reflect.Method)[pri:0, instance:Scripts.ValidateLoadingAndUnloading@7a1a3478]" started-at="2021-12-03T17:29:11 IST" name="configBM" finished-at="2021-12-03T17:29:17 IST" duration-ms="6366" status="PASS">
          <params>
            <param index="0">
              <value>
                <![CDATA[public void Scripts.ValidateLoadingAndUnloading.ValidateLoadingAndUnloadingEvent() throws java.lang.Throwable]]>
              </value>
            </param>
          </params>
          <reporter-output>
            <line>
              <![CDATA[Logged in successfully]]>
            </line>
          </reporter-output>
        </test-method> <!-- configBM -->
        <test-method signature="ValidateLoadingAndUnloadingEvent()[pri:1, instance:Scripts.ValidateLoadingAndUnloading@7a1a3478]" started-at="2021-12-03T17:29:17 IST" name="ValidateLoadingAndUnloadingEvent" finished-at="2021-12-03T17:29:52 IST" duration-ms="35267" status="PASS">
          <reporter-output>
            <line>
              <![CDATA[Added Pickup location]]>
            </line>
            <line>
              <![CDATA[Added Drop Off location]]>
            </line>
            <line>
              <![CDATA[03122021172933]]>
            </line>
            <line>
              <![CDATA[Load Created Successfully]]>
            </line>
          </reporter-output>
        </test-method> <!-- ValidateLoadingAndUnloadingEvent -->
        <test-method is-config="true" signature="conficAC()[pri:0, instance:Scripts.ValidateLoadingAndUnloading@7a1a3478]" started-at="2021-12-03T17:29:53 IST" name="conficAC" finished-at="2021-12-03T17:29:53 IST" duration-ms="1" status="PASS">
          <reporter-output>
          </reporter-output>
        </test-method> <!-- conficAC -->
      </class> <!-- Scripts.ValidateLoadingAndUnloading -->
    </test> <!-- Default test -->
  </suite> <!-- Default suite -->
</testng-results>
